#
# A fatal error has been detected by the Java Runtime Environment:
#
#  Internal Error (javaCalls.cpp:51), pid=972, tid=0x0000000000004198
#  guarantee(thread->is_Java_thread()) failed: crucial check - the VM thread cannot and must not escape to Java code
#
# JRE version: Java(TM) SE Runtime Environment (8.0_181-b13) (build 1.8.0_181-b13)
# Java VM: Java HotSpot(TM) 64-Bit Server VM (25.181-b13 mixed mode windows-amd64 compressed oops)
# Failed to write core dump. Minidumps are not enabled by default on client versions of Windows
#
# If you would like to submit a bug report, please visit:
#   http://bugreport.java.com/bugreport/crash.jsp
#

---------------  T H R E A D  ---------------

Current thread (0x000000001cd07800):  VMThread [stack: 0x000000001dda0000,0x000000001dea0000] [id=16792]

Stack: [0x000000001dda0000,0x000000001dea0000]
[error occurred during error reporting (printing stack bounds), id 0xc0000005]

Native frames: (J=compiled Java code, j=interpreted, Vv=VM code, C=native code)

VM_Operation (0x000000001e79f260): GetOrSetLocal, mode: safepoint, requested by thread 0x000000001cd82000


---------------  P R O C E S S  ---------------

Java Threads: ( => current thread )
  0x0000000020b11800 JavaThread "AsyncResolver-bootstrap-executor-0" daemon [_thread_blocked, id=21916, stack(0x0000000026730000,0x0000000026830000)]
  0x00000000209ad800 JavaThread "DiscoveryClient-HeartbeatExecutor-0" daemon [_thread_blocked, id=25156, stack(0x0000000026630000,0x0000000026730000)]
  0x00000000209ab800 JavaThread "DiscoveryClient-CacheRefreshExecutor-0" daemon [_thread_blocked, id=10236, stack(0x0000000026530000,0x0000000026630000)]
  0x00000000209ad000 JavaThread "DestroyJavaVM" [_thread_blocked, id=29496, stack(0x00000000035a0000,0x00000000036a0000)]
  0x00000000209ac000 JavaThread "http-nio-8500-AsyncTimeout" daemon [_thread_blocked, id=32640, stack(0x0000000026230000,0x0000000026330000)]
  0x0000000020bde800 JavaThread "http-nio-8500-Acceptor-0" daemon [_thread_in_native, id=2084, stack(0x0000000026130000,0x0000000026230000)]
  0x0000000020bdc000 JavaThread "http-nio-8500-ClientPoller-1" daemon [_thread_in_native, id=24052, stack(0x0000000026030000,0x0000000026130000)]
  0x0000000020bdd800 JavaThread "http-nio-8500-ClientPoller-0" daemon [_thread_in_native, id=29676, stack(0x0000000025f30000,0x0000000026030000)]
  0x0000000020bdd000 JavaThread "http-nio-8500-exec-10" daemon [_thread_blocked, id=30304, stack(0x0000000025e30000,0x0000000025f30000)]
  0x0000000020bdb800 JavaThread "http-nio-8500-exec-9" daemon [_thread_blocked, id=18932, stack(0x0000000025d30000,0x0000000025e30000)]
  0x0000000020bda800 JavaThread "http-nio-8500-exec-8" daemon [_thread_blocked, id=18156, stack(0x0000000025c30000,0x0000000025d30000)]
  0x0000000020bd3000 JavaThread "http-nio-8500-exec-7" daemon [_thread_blocked, id=304, stack(0x0000000025b30000,0x0000000025c30000)]
  0x0000000020bda000 JavaThread "http-nio-8500-exec-6" daemon [_thread_blocked, id=7700, stack(0x0000000025a30000,0x0000000025b30000)]
  0x0000000020bd2800 JavaThread "http-nio-8500-exec-5" daemon [_thread_blocked, id=26968, stack(0x0000000025930000,0x0000000025a30000)]
  0x0000000020bd9000 JavaThread "http-nio-8500-exec-4" daemon [_thread_blocked, id=5464, stack(0x0000000025830000,0x0000000025930000)]
  0x0000000020bd1800 JavaThread "http-nio-8500-exec-3" daemon [_thread_blocked, id=30044, stack(0x0000000025730000,0x0000000025830000)]
  0x0000000020bd8800 JavaThread "http-nio-8500-exec-2" daemon [_thread_blocked, id=4576, stack(0x0000000025630000,0x0000000025730000)]
  0x0000000020bd1000 JavaThread "http-nio-8500-exec-1" daemon [_thread_blocked, id=20452, stack(0x0000000025530000,0x0000000025630000)]
  0x0000000020bd7800 JavaThread "NioBlockingSelector.BlockPoller-1" daemon [_thread_in_native, id=31544, stack(0x0000000025430000,0x0000000025530000)]
  0x0000000020bd7000 JavaThread "DiscoveryClient-InstanceInfoReplicator-0" daemon [_thread_blocked, id=32024, stack(0x0000000025330000,0x0000000025430000)]
  0x0000000020bd6000 JavaThread "DiscoveryClient-1" daemon [_thread_blocked, id=14988, stack(0x0000000025230000,0x0000000025330000)]
  0x0000000020bd5800 JavaThread "DiscoveryClient-0" daemon [_thread_blocked, id=12812, stack(0x0000000025130000,0x0000000025230000)]
  0x0000000020bd0000 JavaThread "AsyncResolver-bootstrap-0" daemon [_thread_blocked, id=18808, stack(0x0000000025030000,0x0000000025130000)]
  0x0000000020bd4000 JavaThread "Eureka-JerseyClient-Conn-Cleaner2" daemon [_thread_blocked, id=27040, stack(0x0000000024f30000,0x0000000025030000)]
  0x00000000209aa800 JavaThread "container-0" [_thread_blocked, id=26736, stack(0x0000000024c30000,0x0000000024d30000)]
  0x00000000209a9000 JavaThread "ContainerBackgroundProcessor[StandardEngine[Tomcat]]" daemon [_thread_blocked, id=30888, stack(0x0000000024b30000,0x0000000024c30000)]
  0x00000000209a8800 JavaThread "SimplePauseDetectorThread_0" daemon [_thread_blocked, id=23548, stack(0x0000000024a30000,0x0000000024b30000)]
  0x00000000209aa000 JavaThread "Thread-5" daemon [_thread_blocked, id=7044, stack(0x0000000024930000,0x0000000024a30000)]
  0x00000000209af000 JavaThread "AsyncReporter{org.springframework.cloud.sleuth.zipkin2.sender.RestTemplateSender@7070009c}" daemon [_thread_blocked, id=13180, stack(0x0000000024630000,0x0000000024730000)]
  0x00000000205cd000 JavaThread "spring.cloud.inetutils" daemon [_thread_blocked, id=32508, stack(0x0000000021c60000,0x0000000021d60000)]
  0x000000001f3f0800 JavaThread "RMI TCP Accept-0" daemon [_thread_in_native, id=19788, stack(0x000000001f7a0000,0x000000001f8a0000)]
  0x000000001f3d2800 JavaThread "RMI TCP Accept-63928" daemon [_thread_in_native, id=16504, stack(0x000000001f6a0000,0x000000001f7a0000)]
  0x000000001f3cb000 JavaThread "RMI TCP Accept-0" daemon [_thread_in_native, id=2268, stack(0x000000001f5a0000,0x000000001f6a0000)]
  0x000000001e132800 JavaThread "Service Thread" daemon [_thread_blocked, id=24820, stack(0x000000001eca0000,0x000000001eda0000)]
  0x000000001e12e800 JavaThread "C1 CompilerThread2" daemon [_thread_blocked, id=8488, stack(0x000000001eba0000,0x000000001eca0000)]
  0x000000001e12d000 JavaThread "C2 CompilerThread1" daemon [_thread_blocked, id=23604, stack(0x000000001eaa0000,0x000000001eba0000)]
  0x000000001cd93800 JavaThread "C2 CompilerThread0" daemon [_thread_blocked, id=27256, stack(0x000000001e9a0000,0x000000001eaa0000)]
  0x000000001cd86000 JavaThread "JDWP Command Reader" daemon [_thread_in_native, id=3808, stack(0x000000001e8a0000,0x000000001e9a0000)]
  0x000000001cd83000 JavaThread "JDWP Event Helper Thread" daemon [_thread_blocked, id=19064, stack(0x000000001e7a0000,0x000000001e8a0000)]
  0x000000001cd82000 JavaThread "JDWP Transport Listener: dt_socket" daemon [_thread_blocked, id=1768, stack(0x000000001e6a0000,0x000000001e7a0000)]
  0x000000001e0e3800 JavaThread "Attach Listener" daemon [_thread_blocked, id=6504, stack(0x000000001e5a0000,0x000000001e6a0000)]
  0x000000001cd5b000 JavaThread "Signal Dispatcher" daemon [_thread_blocked, id=11572, stack(0x000000001e4a0000,0x000000001e5a0000)]
  0x000000000379e000 JavaThread "Finalizer" daemon [_thread_blocked, id=28912, stack(0x000000001dfa0000,0x000000001e0a0000)]
  0x000000001cd09000 JavaThread "Reference Handler" daemon [_thread_blocked, id=31212, stack(0x000000001dea0000,0x000000001dfa0000)]

Other Threads:
=>0x000000001cd07800 VMThread [stack: 0x000000001dda0000,0x000000001dea0000] [id=16792]
  0x000000001f3f1000 WatcherThread [stack: 0x000000001f8a0000,0x000000001f9a0000] [id=28984]

VM state:at safepoint (normal execution)

VM Mutex/Monitor currently owned by a thread:  ([mutex/lock_event])
[0x00000000036a70b0] Threads_lock - owner thread: 0x000000001cd07800

Heap:
 PSYoungGen      total 308224K, used 88668K [0x000000076b580000, 0x0000000786500000, 0x00000007c0000000)
  eden space 284160K, 22% used [0x000000076b580000,0x000000076f497790,0x000000077cb00000)
  from space 24064K, 99% used [0x000000077cb00000,0x000000077e27fb38,0x000000077e280000)
  to   space 29184K, 0% used [0x0000000784880000,0x0000000784880000,0x0000000786500000)
 ParOldGen       total 158208K, used 32494K [0x00000006c2000000, 0x00000006cba80000, 0x000000076b580000)
  object space 158208K, 20% used [0x00000006c2000000,0x00000006c3fbbac8,0x00000006cba80000)
 Metaspace       used 52389K, capacity 54978K, committed 55296K, reserved 1097728K
  class space    used 7100K, capacity 7579K, committed 7680K, reserved 1048576K

Card table byte_map: [0x0000000012b60000,0x0000000013360000] byte_map_base: 0x000000000f550000

Marking Bits: (ParMarkBitMap*) 0x0000000069032d00
 Begin Bits: [0x0000000013cb0000, 0x0000000017c30000)
 End Bits:   [0x0000000017c30000, 0x000000001bbb0000)

Polling page: 0x00000000017a0000

CodeCache: size=245760Kb used=12157Kb max_used=12157Kb free=233602Kb
 bounds [0x00000000037a0000, 0x0000000004390000, 0x00000000127a0000]
 total_blobs=6458 nmethods=5937 adapters=441
 compilation: enabled

Compilation events (10 events):
Event: 444.334 Thread 0x000000001e12e800 6079       1       org.apache.tomcat.util.http.ValuesEnumerator::hasMoreElements (13 bytes)
Event: 444.334 Thread 0x000000001e12e800 nmethod 6079 0x0000000004298910 code [0x0000000004298a60, 0x0000000004298b90]
Event: 444.334 Thread 0x000000001e12e800 6080       1       org.apache.tomcat.util.buf.ByteChunk::getBuffer (5 bytes)
Event: 444.334 Thread 0x000000001e12e800 nmethod 6080 0x0000000004298650 code [0x00000000042987a0, 0x00000000042988b0]
Event: 444.335 Thread 0x000000001e12e800 6081       1       org.springframework.web.servlet.mvc.condition.RequestMethodsRequestCondition::getMethods (5 bytes)
Event: 444.335 Thread 0x000000001e12e800 nmethod 6081 0x0000000004298390 code [0x00000000042984e0, 0x00000000042985f0]
Event: 444.335 Thread 0x000000001e12e800 6082       1       sun.nio.cs.ThreadLocalCoders::decoderFor (18 bytes)
Event: 444.336 Thread 0x000000001e12e800 nmethod 6082 0x0000000004297f50 code [0x00000000042980c0, 0x0000000004298258]
Event: 444.336 Thread 0x000000001e12e800 6083       1       org.springframework.core.MethodParameter::getNestedParameterType (122 bytes)
Event: 444.337 Thread 0x000000001e12e800 nmethod 6083 0x00000000042972d0 code [0x00000000042974e0, 0x0000000004297b48]

GC Heap History (10 events):
Event: 8.029 GC heap before
{Heap before GC invocations=9 (full 2):
 PSYoungGen      total 165376K, used 152064K [0x000000076b580000, 0x0000000778200000, 0x00000007c0000000)
  eden space 152064K, 100% used [0x000000076b580000,0x0000000774a00000,0x0000000774a00000)
  from space 13312K, 0% used [0x0000000775800000,0x0000000775800000,0x0000000776500000)
  to   space 14336K, 0% used [0x0000000774a00000,0x0000000774a00000,0x0000000775800000)
 ParOldGen       total 158208K, used 16632K [0x00000006c2000000, 0x00000006cba80000, 0x000000076b580000)
  object space 158208K, 10% used [0x00000006c2000000,0x00000006c303e078,0x00000006cba80000)
 Metaspace       used 37730K, capacity 38998K, committed 39168K, reserved 1083392K
  class space    used 5118K, capacity 5367K, committed 5376K, reserved 1048576K
Event: 8.036 GC heap after
Heap after GC invocations=9 (full 2):
 PSYoungGen      total 166400K, used 8737K [0x000000076b580000, 0x000000077ae00000, 0x00000007c0000000)
  eden space 152064K, 0% used [0x000000076b580000,0x000000076b580000,0x0000000774a00000)
  from space 14336K, 60% used [0x0000000774a00000,0x00000007752886a0,0x0000000775800000)
  to   space 13312K, 0% used [0x000000077a100000,0x000000077a100000,0x000000077ae00000)
 ParOldGen       total 158208K, used 16640K [0x00000006c2000000, 0x00000006cba80000, 0x000000076b580000)
  object space 158208K, 10% used [0x00000006c2000000,0x00000006c3040078,0x00000006cba80000)
 Metaspace       used 37730K, capacity 38998K, committed 39168K, reserved 1083392K
  class space    used 5118K, capacity 5367K, committed 5376K, reserved 1048576K
}
Event: 8.867 GC heap before
{Heap before GC invocations=10 (full 2):
 PSYoungGen      total 166400K, used 160801K [0x000000076b580000, 0x000000077ae00000, 0x00000007c0000000)
  eden space 152064K, 100% used [0x000000076b580000,0x0000000774a00000,0x0000000774a00000)
  from space 14336K, 60% used [0x0000000774a00000,0x00000007752886a0,0x0000000775800000)
  to   space 13312K, 0% used [0x000000077a100000,0x000000077a100000,0x000000077ae00000)
 ParOldGen       total 158208K, used 16640K [0x00000006c2000000, 0x00000006cba80000, 0x000000076b580000)
  object space 158208K, 10% used [0x00000006c2000000,0x00000006c3040078,0x00000006cba80000)
 Metaspace       used 43033K, capacity 44630K, committed 44800K, reserved 1087488K
  class space    used 5775K, capacity 6073K, committed 6144K, reserved 1048576K
Event: 8.877 GC heap after
Heap after GC invocations=10 (full 2):
 PSYoungGen      total 238080K, used 13310K [0x000000076b580000, 0x000000077b680000, 0x00000007c0000000)
  eden space 224768K, 0% used [0x000000076b580000,0x000000076b580000,0x0000000779100000)
  from space 13312K, 99% used [0x000000077a100000,0x000000077adff938,0x000000077ae00000)
  to   space 16384K, 0% used [0x0000000779100000,0x0000000779100000,0x000000077a100000)
 ParOldGen       total 158208K, used 19889K [0x00000006c2000000, 0x00000006cba80000, 0x000000076b580000)
  object space 158208K, 12% used [0x00000006c2000000,0x00000006c336c5a8,0x00000006cba80000)
 Metaspace       used 43033K, capacity 44630K, committed 44800K, reserved 1087488K
  class space    used 5775K, capacity 6073K, committed 6144K, reserved 1048576K
}
Event: 12.451 GC heap before
{Heap before GC invocations=11 (full 2):
 PSYoungGen      total 238080K, used 238078K [0x000000076b580000, 0x000000077b680000, 0x00000007c0000000)
  eden space 224768K, 100% used [0x000000076b580000,0x0000000779100000,0x0000000779100000)
  from space 13312K, 99% used [0x000000077a100000,0x000000077adff938,0x000000077ae00000)
  to   space 16384K, 0% used [0x0000000779100000,0x0000000779100000,0x000000077a100000)
 ParOldGen       total 158208K, used 19889K [0x00000006c2000000, 0x00000006cba80000, 0x000000076b580000)
  object space 158208K, 12% used [0x00000006c2000000,0x00000006c336c5a8,0x00000006cba80000)
 Metaspace       used 45502K, capacity 47384K, committed 47616K, reserved 1089536K
  class space    used 6172K, capacity 6540K, committed 6656K, reserved 1048576K
Event: 12.463 GC heap after
Heap after GC invocations=11 (full 2):
 PSYoungGen      total 241152K, used 16354K [0x000000076b580000, 0x000000077f600000, 0x00000007c0000000)
  eden space 224768K, 0% used [0x000000076b580000,0x000000076b580000,0x0000000779100000)
  from space 16384K, 99% used [0x0000000779100000,0x000000077a0f8b70,0x000000077a100000)
  to   space 19968K, 0% used [0x000000077e280000,0x000000077e280000,0x000000077f600000)
 ParOldGen       total 158208K, used 23777K [0x00000006c2000000, 0x00000006cba80000, 0x000000076b580000)
  object space 158208K, 15% used [0x00000006c2000000,0x00000006c3738578,0x00000006cba80000)
 Metaspace       used 45502K, capacity 47384K, committed 47616K, reserved 1089536K
  class space    used 6172K, capacity 6540K, committed 6656K, reserved 1048576K
}
Event: 13.457 GC heap before
{Heap before GC invocations=12 (full 2):
 PSYoungGen      total 241152K, used 241122K [0x000000076b580000, 0x000000077f600000, 0x00000007c0000000)
  eden space 224768K, 100% used [0x000000076b580000,0x0000000779100000,0x0000000779100000)
  from space 16384K, 99% used [0x0000000779100000,0x000000077a0f8b70,0x000000077a100000)
  to   space 19968K, 0% used [0x000000077e280000,0x000000077e280000,0x000000077f600000)
 ParOldGen       total 158208K, used 23777K [0x00000006c2000000, 0x00000006cba80000, 0x000000076b580000)
  object space 158208K, 15% used [0x00000006c2000000,0x00000006c3738578,0x00000006cba80000)
 Metaspace       used 47872K, capacity 49988K, committed 50176K, reserved 1093632K
  class space    used 6476K, capacity 6880K, committed 6912K, reserved 1048576K
Event: 13.477 GC heap after
Heap after GC invocations=12 (full 2):
 PSYoungGen      total 304128K, used 19938K [0x000000076b580000, 0x0000000780880000, 0x00000007c0000000)
  eden space 284160K, 0% used [0x000000076b580000,0x000000076b580000,0x000000077cb00000)
  from space 19968K, 99% used [0x000000077e280000,0x000000077f5f8b70,0x000000077f600000)
  to   space 24064K, 0% used [0x000000077cb00000,0x000000077cb00000,0x000000077e280000)
 ParOldGen       total 158208K, used 28577K [0x00000006c2000000, 0x00000006cba80000, 0x000000076b580000)
  object space 158208K, 18% used [0x00000006c2000000,0x00000006c3be8408,0x00000006cba80000)
 Metaspace       used 47872K, capacity 49988K, committed 50176K, reserved 1093632K
  class space    used 6476K, capacity 6880K, committed 6912K, reserved 1048576K
}
Event: 14.697 GC heap before
{Heap before GC invocations=13 (full 2):
 PSYoungGen      total 304128K, used 304098K [0x000000076b580000, 0x0000000780880000, 0x00000007c0000000)
  eden space 284160K, 100% used [0x000000076b580000,0x000000077cb00000,0x000000077cb00000)
  from space 19968K, 99% used [0x000000077e280000,0x000000077f5f8b70,0x000000077f600000)
  to   space 24064K, 0% used [0x000000077cb00000,0x000000077cb00000,0x000000077e280000)
 ParOldGen       total 158208K, used 28577K [0x00000006c2000000, 0x00000006cba80000, 0x000000076b580000)
  object space 158208K, 18% used [0x00000006c2000000,0x00000006c3be8408,0x00000006cba80000)
 Metaspace       used 50529K, capacity 52940K, committed 53248K, reserved 1095680K
  class space    used 6864K, capacity 7302K, committed 7424K, reserved 1048576K
Event: 14.718 GC heap after
Heap after GC invocations=13 (full 2):
 PSYoungGen      total 308224K, used 24062K [0x000000076b580000, 0x0000000786500000, 0x00000007c0000000)
  eden space 284160K, 0% used [0x000000076b580000,0x000000076b580000,0x000000077cb00000)
  from space 24064K, 99% used [0x000000077cb00000,0x000000077e27fb38,0x000000077e280000)
  to   space 29184K, 0% used [0x0000000784880000,0x0000000784880000,0x0000000786500000)
 ParOldGen       total 158208K, used 32494K [0x00000006c2000000, 0x00000006cba80000, 0x000000076b580000)
  object space 158208K, 20% used [0x00000006c2000000,0x00000006c3fbbac8,0x00000006cba80000)
 Metaspace       used 50529K, capacity 52940K, committed 53248K, reserved 1095680K
  class space    used 6864K, capacity 7302K, committed 7424K, reserved 1048576K
}

Deoptimization events (0 events):
No events

Classes redefined (4 events):
Event: 156.813 Thread 0x000000001cd07800 redefined class name=com.cdf.factory.service.system.LoginController, count=1
Event: 231.270 Thread 0x000000001cd07800 redefined class name=com.cdf.factory.service.system.LoginController, count=2
Event: 418.828 Thread 0x000000001cd07800 redefined class name=com.cdf.factory.service.system.LoginController, count=3
Event: 428.646 Thread 0x000000001cd07800 redefined class name=com.cdf.factory.service.system.LoginController, count=4

Internal exceptions (10 events):
Event: 404.705 Thread 0x00000000209ad800 Exception <a 'java/net/SocketTimeoutException': Read timed out> (0x000000076c8b0f38) thrown at [C:\re\workspace\8-2-build-windows-amd64-cygwin\jdk8u181\11358\hotspot\src\share\vm\prims\jni.cpp, line 735]
Event: 430.996 Thread 0x0000000020bd2800 Exception <a 'java/lang/reflect/InvocationTargetException'> (0x000000076edce278) thrown at [C:\re\workspace\8-2-build-windows-amd64-cygwin\jdk8u181\11358\hotspot\src\share\vm\runtime\reflection.cpp, line 1092]
Event: 431.017 Thread 0x0000000020bd2800 Exception <a 'java/io/IOException'> (0x000000076eea5f38) thrown at [C:\re\workspace\8-2-build-windows-amd64-cygwin\jdk8u181\11358\hotspot\src\share\vm\prims\jni.cpp, line 709]
Event: 432.886 Thread 0x0000000020bd9000 NullPointerException in IC check 0x000000000399e4a0
Event: 432.886 Thread 0x0000000020bd9000 Exception <a 'java/lang/NullPointerException'> (0x000000076ebbef08) thrown at [C:\re\workspace\8-2-build-windows-amd64-cygwin\jdk8u181\11358\hotspot\src\share\vm\runtime\sharedRuntime.cpp, line 605]
Event: 432.886 Thread 0x0000000020bd9000 Exception <a 'java/lang/reflect/InvocationTargetException'> (0x000000076ebbf4e0) thrown at [C:\re\workspace\8-2-build-windows-amd64-cygwin\jdk8u181\11358\hotspot\src\share\vm\runtime\reflection.cpp, line 1092]
Event: 432.893 Thread 0x0000000020bd9000 Exception <a 'java/io/IOException'> (0x000000076eca1878) thrown at [C:\re\workspace\8-2-build-windows-amd64-cygwin\jdk8u181\11358\hotspot\src\share\vm\prims\jni.cpp, line 709]
Event: 432.898 Thread 0x0000000020bd9000 Exception <a 'java/io/IOException'> (0x000000076f309278) thrown at [C:\re\workspace\8-2-build-windows-amd64-cygwin\jdk8u181\11358\hotspot\src\share\vm\prims\jni.cpp, line 709]
Event: 434.709 Thread 0x00000000209ad800 Exception <a 'java/net/SocketTimeoutException': Read timed out> (0x000000076c8ba888) thrown at [C:\re\workspace\8-2-build-windows-amd64-cygwin\jdk8u181\11358\hotspot\src\share\vm\prims\jni.cpp, line 735]
Event: 434.709 Thread 0x00000000209ab800 Exception <a 'java/net/SocketTimeoutException': Read timed out> (0x000000076c6a7da0) thrown at [C:\re\workspace\8-2-build-windows-amd64-cygwin\jdk8u181\11358\hotspot\src\share\vm\prims\jni.cpp, line 735]

Events (10 events):
Event: 444.339 Executing VM operation: GetCurrentContendedMonitor done
Event: 444.339 Executing VM operation: GetOwnedMonitorInfo
Event: 444.339 Executing VM operation: GetOwnedMonitorInfo done
Event: 444.339 Executing VM operation: GetCurrentContendedMonitor
Event: 444.339 Executing VM operation: GetCurrentContendedMonitor done
Event: 444.373 Executing VM operation: GetCurrentContendedMonitor
Event: 444.373 Executing VM operation: GetCurrentContendedMonitor done
Event: 444.373 Executing VM operation: GetOwnedMonitorInfo
Event: 444.373 Executing VM operation: GetOwnedMonitorInfo done
Event: 444.482 Executing VM operation: GetOrSetLocal


Dynamic libraries:
0x00007ff7da380000 - 0x00007ff7da3b7000 	C:\Program Files\Java\jdk1.8.0_181\bin\javaw.exe
0x00007ffdf1190000 - 0x00007ffdf1361000 	C:\Windows\SYSTEM32\ntdll.dll
0x00007ffdf02a0000 - 0x00007ffdf034b000 	C:\Windows\System32\KERNEL32.DLL
0x00007ffdee240000 - 0x00007ffdee45d000 	C:\Windows\System32\KERNELBASE.dll
0x00007ffdf0be0000 - 0x00007ffdf0c82000 	C:\Windows\System32\ADVAPI32.dll
0x00007ffdf0b20000 - 0x00007ffdf0bbe000 	C:\Windows\System32\msvcrt.dll
0x00007ffdf0510000 - 0x00007ffdf0569000 	C:\Windows\System32\sechost.dll
0x00007ffdf0cd0000 - 0x00007ffdf0df1000 	C:\Windows\System32\RPCRT4.dll
0x00007ffdee720000 - 0x00007ffdee885000 	C:\Windows\System32\USER32.dll
0x00007ffded900000 - 0x00007ffded91e000 	C:\Windows\System32\win32u.dll
0x00007ffdf0c90000 - 0x00007ffdf0cc4000 	C:\Windows\System32\GDI32.dll
0x00007ffdee0b0000 - 0x00007ffdee232000 	C:\Windows\System32\gdi32full.dll
0x00007ffddeae0000 - 0x00007ffdded59000 	C:\Windows\WinSxS\amd64_microsoft.windows.common-controls_6595b64144ccf1df_6.0.14393.447_none_42191651c6827bb3\COMCTL32.dll
0x00007ffdf0e00000 - 0x00007ffdf10c8000 	C:\Windows\System32\combase.dll
0x00007ffded750000 - 0x00007ffded845000 	C:\Windows\System32\ucrtbase.dll
0x00007ffded6e0000 - 0x00007ffded74a000 	C:\Windows\System32\bcryptPrimitives.dll
0x00007ffdf0580000 - 0x00007ffdf05ae000 	C:\Windows\System32\IMM32.DLL
0x00000000690c0000 - 0x0000000069192000 	C:\Program Files\Java\jdk1.8.0_181\jre\bin\msvcr100.dll
0x0000000068810000 - 0x00000000690b2000 	C:\Program Files\Java\jdk1.8.0_181\jre\bin\server\jvm.dll
0x00007ffdf0990000 - 0x00007ffdf0998000 	C:\Windows\System32\PSAPI.DLL
0x00007ffdeba90000 - 0x00007ffdebab3000 	C:\Windows\SYSTEM32\WINMM.dll
0x00007ffde23e0000 - 0x00007ffde23e9000 	C:\Windows\SYSTEM32\WSOCK32.dll
0x00007ffde3830000 - 0x00007ffde383a000 	C:\Windows\SYSTEM32\VERSION.dll
0x00007ffdf09a0000 - 0x00007ffdf0a0a000 	C:\Windows\System32\WS2_32.dll
0x0000000001750000 - 0x000000000177b000 	C:\Windows\SYSTEM32\WINMMBASE.dll
0x00007ffdee6d0000 - 0x00007ffdee712000 	C:\Windows\System32\cfgmgr32.dll
0x0000000068800000 - 0x000000006880f000 	C:\Program Files\Java\jdk1.8.0_181\jre\bin\verify.dll
0x00000000687d0000 - 0x00000000687f9000 	C:\Program Files\Java\jdk1.8.0_181\jre\bin\java.dll
0x0000000068790000 - 0x00000000687c5000 	C:\Program Files\Java\jdk1.8.0_181\jre\bin\jdwp.dll
0x0000000068780000 - 0x0000000068788000 	C:\Program Files\Java\jdk1.8.0_181\jre\bin\npt.dll
0x0000000068760000 - 0x0000000068776000 	C:\Program Files\Java\jdk1.8.0_181\jre\bin\zip.dll
0x00007ffdeed20000 - 0x00007ffdf0229000 	C:\Windows\System32\SHELL32.dll
0x00007ffded920000 - 0x00007ffdedffa000 	C:\Windows\System32\windows.storage.dll
0x00007ffded630000 - 0x00007ffded67c000 	C:\Windows\System32\powrprof.dll
0x00007ffdf05b0000 - 0x00007ffdf0602000 	C:\Windows\System32\shlwapi.dll
0x00007ffded5f0000 - 0x00007ffded5ff000 	C:\Windows\System32\kernel.appcore.dll
0x00007ffded850000 - 0x00007ffded8f9000 	C:\Windows\System32\shcore.dll
0x00007ffded600000 - 0x00007ffded614000 	C:\Windows\System32\profapi.dll
0x0000000068750000 - 0x0000000068759000 	C:\Program Files\Java\jdk1.8.0_181\jre\bin\dt_socket.dll
0x00007ffde2080000 - 0x00007ffde2096000 	C:\Windows\system32\napinsp.dll
0x00007ffde1f90000 - 0x00007ffde1faa000 	C:\Windows\system32\pnrpnsp.dll
0x00007ffdeb330000 - 0x00007ffdeb348000 	C:\Windows\system32\NLAapi.dll
0x00007ffdecea0000 - 0x00007ffdecefc000 	C:\Windows\System32\mswsock.dll
0x00007ffdecc70000 - 0x00007ffdecd10000 	C:\Windows\SYSTEM32\DNSAPI.dll
0x00007ffdf0b10000 - 0x00007ffdf0b18000 	C:\Windows\System32\NSI.dll
0x00007ffdecc30000 - 0x00007ffdecc68000 	C:\Windows\SYSTEM32\IPHLPAPI.DLL
0x00007ffde1f80000 - 0x00007ffde1f8e000 	C:\Windows\System32\winrnr.dll
0x00007ffde6ae0000 - 0x00007ffde6b4a000 	C:\Windows\System32\fwpuclnt.dll
0x00007ffded530000 - 0x00007ffded55b000 	C:\Windows\SYSTEM32\bcrypt.dll
0x00007ffde6700000 - 0x00007ffde670a000 	C:\Windows\System32\rasadhlp.dll
0x0000000068740000 - 0x000000006874d000 	C:\Program Files\Java\jdk1.8.0_181\jre\bin\management.dll
0x0000000068720000 - 0x000000006873a000 	C:\Program Files\Java\jdk1.8.0_181\jre\bin\net.dll
0x0000000068700000 - 0x0000000068711000 	C:\Program Files\Java\jdk1.8.0_181\jre\bin\nio.dll
0x00007ffded040000 - 0x00007ffded057000 	C:\Windows\SYSTEM32\CRYPTSP.dll
0x00007ffdecab0000 - 0x00007ffdecae3000 	C:\Windows\system32\rsaenh.dll
0x00007ffdecd20000 - 0x00007ffdecd3f000 	C:\Windows\SYSTEM32\USERENV.dll
0x00007ffded060000 - 0x00007ffded06b000 	C:\Windows\SYSTEM32\CRYPTBASE.dll
0x00007ffde9c90000 - 0x00007ffde9ca6000 	C:\Windows\SYSTEM32\dhcpcsvc6.DLL
0x00007ffde9c40000 - 0x00007ffde9c5a000 	C:\Windows\SYSTEM32\dhcpcsvc.DLL
0x00000000686d0000 - 0x00000000686f4000 	C:\Program Files\Java\jdk1.8.0_181\jre\bin\sunec.dll

VM Arguments:
jvm_args: -agentlib:jdwp=transport=dt_socket,suspend=y,address=localhost:63930 -Dcom.sun.management.jmxremote -Dcom.sun.management.jmxremote.port=63928 -Dcom.sun.management.jmxremote.authenticate=false -Dcom.sun.management.jmxremote.ssl=false -Djava.rmi.server.hostname=localhost -Dspring.liveBeansView.mbeanDomain -Dspring.application.admin.enabled=true -Xverify:none -XX:TieredStopAtLevel=1 -Dfile.encoding=UTF-8 
java_command: com.cdf.factory.service.FactoryServiceApplication --spring.output.ansi.enabled=always
java_class_path (initial): C:\Program Files\Java\jdk1.8.0_181\jre\lib\resources.jar;C:\Program Files\Java\jdk1.8.0_181\jre\lib\rt.jar;C:\Program Files\Java\jdk1.8.0_181\jre\lib\jsse.jar;C:\Program Files\Java\jdk1.8.0_181\jre\lib\jce.jar;C:\Program Files\Java\jdk1.8.0_181\jre\lib\charsets.jar;C:\Program Files\Java\jdk1.8.0_181\jre\lib\jfr.jar;C:\Program Files\Java\jdk1.8.0_181\jre\lib\ext\access-bridge-64.jar;C:\Program Files\Java\jdk1.8.0_181\jre\lib\ext\cldrdata.jar;C:\Program Files\Java\jdk1.8.0_181\jre\lib\ext\dnsns.jar;C:\Program Files\Java\jdk1.8.0_181\jre\lib\ext\jaccess.jar;C:\Program Files\Java\jdk1.8.0_181\jre\lib\ext\jfxrt.jar;C:\Program Files\Java\jdk1.8.0_181\jre\lib\ext\localedata.jar;C:\Program Files\Java\jdk1.8.0_181\jre\lib\ext\nashorn.jar;C:\Program Files\Java\jdk1.8.0_181\jre\lib\ext\sunec.jar;C:\Program Files\Java\jdk1.8.0_181\jre\lib\ext\sunjce_provider.jar;C:\Program Files\Java\jdk1.8.0_181\jre\lib\ext\sunmscapi.jar;C:\Program Files\Java\jdk1.8.0_181\jre\lib\ext\sunpkcs11.jar;C:\Program Files\Java\jdk1.8.0_181\jre\lib\ext\zipfs.jar;D:\git\factory\factory-service\target\classes;D:\.m2\repository\org\springframework\cloud\spring-cloud-starter-config\2.0.1.RELEASE\spring-cloud-starter-config-2.0.1.RELEASE.jar;D:\.m2\repository\org\springframework\cloud\spring-cloud-starter\2.0.1.RELEASE\spring-cloud-starter-2.0.1.RELEASE.jar;D:\.m2\repository\org\springframework\cloud\spring-cloud-context\2.0.1.RELEASE\spring-cloud-context-2.0.1.RELEASE.jar;D:\.m2\repository\org\springframework\security\spring-security-rsa\1.0.5.RELEASE\spring-security-rsa-1.0.5.RELEASE.jar;D:\.m2\repository\org\bouncycastle\bcpkix-jdk15on\1.56\bcpkix-jdk15on-1.56.jar;D:\.m2\repository\org\bouncycastle\bcprov-jdk15on\1.56\bcprov-jdk15on-1.56.jar;D:\.m2\repository\org\springframework\cloud\spring-cloud-config-client\2.0.1.RELEASE\spring-cloud-config-client-2.0.1.RELEASE.jar;D:\.m2\repository\org\springframework\boot\spring-boot-autoconfigure\2.0.5.RELEASE\spring-boot-autoconfigure
Launcher Type: SUN_STANDARD

Environment Variables:
JAVA_HOME=C:\Program Files\Java\jdk1.8.0_181
CLASSPATH=.;C:\Program Files\Java\jdk1.8.0_181\lib\dt.jar;C:\Program Files\Java\jdk1.8.0_181\lib\tools.jar
PATH=C:/Program Files/Java/jre1.8.0_221/bin/server;C:/Program Files/Java/jre1.8.0_221/bin;C:/Program Files/Java/jre1.8.0_221/lib/amd64;C:\Program Files (x86)\NetSarang\Xftp 6\;C:\Program Files (x86)\NetSarang\Xshell 6\;C:\Program Files (x86)\Common Files\Oracle\Java\javapath;C:\Windows\system32;C:\Windows;C:\Windows\System32\Wbem;C:\Windows\System32\WindowsPowerShell\v1.0\;C:\Program Files\Java\jdk1.8.0_181\bin;C:\Program Files\Java\jdk1.8.0_181\jre\bin;D:\apache-maven-3.5.3\bin;C:\Program Files\Redis\;D:\apache-maven-3.5.3\bin;C:\Program Files\Git\cmd;C:\Program Files\nodejs\;C:\Users\Administrator\AppData\Local\Microsoft\WindowsApps;C:\Users\Administrator\AppData\Local\Programs\Microsoft VS Code\bin;C:\Users\Administrator\AppData\Roaming\npm;D:\sts-bundle\sts-3.9.5.RELEASE;
USERNAME=Administrator
OS=Windows_NT
PROCESSOR_IDENTIFIER=Intel64 Family 6 Model 158 Stepping 9, GenuineIntel



---------------  S Y S T E M  ---------------

OS: Windows 10.0 , 64 bit Build 14393 (10.0.14393.0)

CPU:total 4 (initial active 4) (4 cores per cpu, 1 threads per core) family 6 model 158 stepping 9, cmov, cx8, fxsr, mmx, sse, sse2, sse3, ssse3, sse4.1, sse4.2, popcnt, avx, avx2, aes, clmul, erms, rtm, 3dnowpref, lzcnt, tsc, tscinvbit, bmi1, bmi2, adx

Memory: 4k page, physical 16642180k(3682096k free), swap 33419396k(6978192k free)

vm_info: Java HotSpot(TM) 64-Bit Server VM (25.181-b13) for windows-amd64 JRE (1.8.0_181-b13), built on Jul  7 2018 04:01:33 by "java_re" with MS VC++ 10.0 (VS2010)

time: Thu Aug 08 14:17:56 2019
elapsed time: 444 seconds (0d 0h 7m 24s)

